<?xml version="1.0" encoding="UTF-8"?>
<testng-results ignored="0" total="1" passed="0" failed="1" skipped="0">
  <reporter-output>
  </reporter-output>
  <suite started-at="2025-09-22T19:35:06 IST" name="Default suite" finished-at="2025-09-22T19:35:48 IST" duration-ms="41796">
    <groups>
    </groups>
    <test started-at="2025-09-22T19:35:06 IST" name="Default test" finished-at="2025-09-22T19:35:48 IST" duration-ms="41796">
      <class name="demo.tests">
        <test-method is-config="true" signature="serverSetup()[pri:0, instance:demo.tests@2d2ffcb7]" started-at="2025-09-22T19:35:03 IST" name="serverSetup" finished-at="2025-09-22T19:35:06 IST" duration-ms="3206" status="PASS">
          <reporter-output>
          </reporter-output>
        </test-method> <!-- serverSetup -->
        <test-method is-config="true" signature="TriggerConfiguration()[pri:0, instance:demo.tests@2d2ffcb7]" started-at="2025-09-22T19:35:06 IST" name="TriggerConfiguration" finished-at="2025-09-22T19:35:19 IST" duration-ms="13256" status="PASS">
          <reporter-output>
          </reporter-output>
        </test-method> <!-- TriggerConfiguration -->
        <test-method signature="fs()[pri:0, instance:demo.tests@2d2ffcb7]" started-at="2025-09-22T19:35:19 IST" name="fs" finished-at="2025-09-22T19:35:47 IST" duration-ms="27468" status="FAIL">
          <exception class="org.openqa.selenium.UnsupportedCommandException">
            <message>
              <![CDATA[The requested resource could not be found, or a request was received using an HTTP method that is not supported by the mapped resource.
Build info: version: '4.35.0', revision: '1c58e5028b'
System info: os.name: 'Windows 11', os.arch: 'amd64', os.version: '10.0', java.version: '23.0.2'
Driver info: io.appium.java_client.android.AndroidDriver
Command: [1ff4e766-4421-4ce0-8805-80f8735bdbc4, performTouchAction {actions=[{options={x=10, y=0}, action=press}, {options={ms=800}, action=wait}, {options={x=0, y=0}, action=moveTo}, {options={}, action=release}]}]
Capabilities {appium:app: C:\Users\admin\git\estate-t..., appium:appActivity: com.amura.selldo.splash.act..., appium:appPackage: com.amura.selldo.staging, appium:autoGrantPermissions: true, appium:automationName: UIAutomator2, appium:databaseEnabled: false, appium:desired: {app: C:\Users\admin\git\estate-t..., autoGrantPermissions: true, automationName: UIAutomator2, deviceName: AndroidPhone, platformName: ANDROID}, appium:deviceApiLevel: 35, appium:deviceManufacturer: Google, appium:deviceModel: sdk_gphone64_x86_64, appium:deviceName: emulator-5554, appium:deviceScreenDensity: 420, appium:deviceScreenSize: 1080x2400, appium:deviceUDID: emulator-5554, appium:javascriptEnabled: true, appium:locationContextEnabled: false, appium:networkConnectionEnabled: true, appium:pixelRatio: 2.625, appium:platformVersion: 15, appium:statBarHeight: 63, appium:takesScreenshot: true, appium:viewportRect: {height: 2337, left: 0, top: 63, width: 1080}, appium:warnings: {}, appium:webStorageEnabled: false, platformName: ANDROID}
Session ID: 1ff4e766-4421-4ce0-8805-80f8735bdbc4]]>
            </message>
            <full-stacktrace>
              <![CDATA[org.openqa.selenium.UnsupportedCommandException: The requested resource could not be found, or a request was received using an HTTP method that is not supported by the mapped resource.
Build info: version: '4.35.0', revision: '1c58e5028b'
System info: os.name: 'Windows 11', os.arch: 'amd64', os.version: '10.0', java.version: '23.0.2'
Driver info: io.appium.java_client.android.AndroidDriver
Command: [1ff4e766-4421-4ce0-8805-80f8735bdbc4, performTouchAction {actions=[{options={x=10, y=0}, action=press}, {options={ms=800}, action=wait}, {options={x=0, y=0}, action=moveTo}, {options={}, action=release}]}]
Capabilities {appium:app: C:\Users\admin\git\estate-t..., appium:appActivity: com.amura.selldo.splash.act..., appium:appPackage: com.amura.selldo.staging, appium:autoGrantPermissions: true, appium:automationName: UIAutomator2, appium:databaseEnabled: false, appium:desired: {app: C:\Users\admin\git\estate-t..., autoGrantPermissions: true, automationName: UIAutomator2, deviceName: AndroidPhone, platformName: ANDROID}, appium:deviceApiLevel: 35, appium:deviceManufacturer: Google, appium:deviceModel: sdk_gphone64_x86_64, appium:deviceName: emulator-5554, appium:deviceScreenDensity: 420, appium:deviceScreenSize: 1080x2400, appium:deviceUDID: emulator-5554, appium:javascriptEnabled: true, appium:locationContextEnabled: false, appium:networkConnectionEnabled: true, appium:pixelRatio: 2.625, appium:platformVersion: 15, appium:statBarHeight: 63, appium:takesScreenshot: true, appium:viewportRect: {height: 2337, left: 0, top: 63, width: 1080}, appium:warnings: {}, appium:webStorageEnabled: false, platformName: ANDROID}
Session ID: 1ff4e766-4421-4ce0-8805-80f8735bdbc4
at java.base/jdk.internal.reflect.DirectConstructorHandleAccessor.newInstance(DirectConstructorHandleAccessor.java:62)
at java.base/java.lang.reflect.Constructor.newInstanceWithCaller(Constructor.java:501)
at java.base/java.lang.reflect.Constructor.newInstance(Constructor.java:485)
at org.openqa.selenium.remote.ErrorCodec.decode(ErrorCodec.java:167)
at org.openqa.selenium.remote.codec.w3c.W3CHttpResponseCodec.decode(W3CHttpResponseCodec.java:138)
at org.openqa.selenium.remote.codec.w3c.W3CHttpResponseCodec.decode(W3CHttpResponseCodec.java:50)
at org.openqa.selenium.remote.HttpCommandExecutor.execute(HttpCommandExecutor.java:215)
at io.appium.java_client.remote.AppiumCommandExecutor.execute(AppiumCommandExecutor.java:243)
at org.openqa.selenium.remote.RemoteWebDriver.execute(RemoteWebDriver.java:557)
at org.openqa.selenium.remote.RemoteWebDriver.execute(RemoteWebDriver.java:630)
at io.appium.java_client.AppiumDriver.execute(AppiumDriver.java:225)
at io.appium.java_client.PerformsTouchActions.performTouchAction(PerformsTouchActions.java:54)
at io.appium.java_client.TouchAction.perform(TouchAction.java:187)
at demo.tests.scrollByPixels(tests.java:58)
at demo.tests.fs(tests.java:39)
at java.base/jdk.internal.reflect.DirectMethodHandleAccessor.invoke(DirectMethodHandleAccessor.java:103)
at java.base/java.lang.reflect.Method.invoke(Method.java:580)
at org.testng.internal.invokers.MethodInvocationHelper.invokeMethod(MethodInvocationHelper.java:141)
at org.testng.internal.invokers.TestInvoker.invokeMethod(TestInvoker.java:687)
at org.testng.internal.invokers.TestInvoker.invokeTestMethod(TestInvoker.java:230)
at org.testng.internal.invokers.MethodRunner.runInSequence(MethodRunner.java:63)
at org.testng.internal.invokers.TestInvoker$MethodInvocationAgent.invoke(TestInvoker.java:995)
at org.testng.internal.invokers.TestInvoker.invokeTestMethods(TestInvoker.java:203)
at org.testng.internal.invokers.TestMethodWorker.invokeTestMethods(TestMethodWorker.java:154)
at org.testng.internal.invokers.TestMethodWorker.run(TestMethodWorker.java:134)
at java.base/java.util.ArrayList.forEach(ArrayList.java:1597)
at org.testng.TestRunner.privateRun(TestRunner.java:741)
at org.testng.TestRunner.run(TestRunner.java:616)
at org.testng.SuiteRunner.runTest(SuiteRunner.java:421)
at org.testng.SuiteRunner.runSequentially(SuiteRunner.java:413)
at org.testng.SuiteRunner.privateRun(SuiteRunner.java:373)
at org.testng.SuiteRunner.run(SuiteRunner.java:312)
at org.testng.SuiteRunnerWorker.runSuite(SuiteRunnerWorker.java:52)
at org.testng.SuiteRunnerWorker.run(SuiteRunnerWorker.java:95)
at org.testng.TestNG.runSuitesSequentially(TestNG.java:1274)
at org.testng.TestNG.runSuitesLocally(TestNG.java:1208)
at org.testng.TestNG.runSuites(TestNG.java:1112)
at org.testng.TestNG.run(TestNG.java:1079)
at org.testng.remote.AbstractRemoteTestNG.run(AbstractRemoteTestNG.java:115)
at org.testng.remote.RemoteTestNG.initAndRun(RemoteTestNG.java:293)
at org.testng.remote.RemoteTestNG.main(RemoteTestNG.java:91)
]]>
            </full-stacktrace>
          </exception> <!-- org.openqa.selenium.UnsupportedCommandException -->
          <reporter-output>
          </reporter-output>
        </test-method> <!-- fs -->
        <test-method is-config="true" signature="KillConfiguration()[pri:0, instance:demo.tests@2d2ffcb7]" started-at="2025-09-22T19:35:47 IST" name="KillConfiguration" finished-at="2025-09-22T19:35:48 IST" duration-ms="987" status="PASS">
          <reporter-output>
          </reporter-output>
        </test-method> <!-- KillConfiguration -->
        <test-method is-config="true" signature="serverKill()[pri:0, instance:demo.tests@2d2ffcb7]" started-at="2025-09-22T19:35:48 IST" name="serverKill" finished-at="2025-09-22T19:35:48 IST" duration-ms="6" status="PASS">
          <reporter-output>
          </reporter-output>
        </test-method> <!-- serverKill -->
      </class> <!-- demo.tests -->
    </test> <!-- Default test -->
  </suite> <!-- Default suite -->
</testng-results>
