<?xml version="1.0" encoding="UTF-8"?>
<testng-results ignored="0" total="1" passed="1" failed="0" skipped="0">
  <reporter-output>
  </reporter-output>
  <suite started-at="2025-02-23T18:19:04 IST" name="Default suite" finished-at="2025-02-23T18:19:22 IST" duration-ms="18503">
    <groups>
    </groups>
    <test started-at="2025-02-23T18:19:04 IST" name="Default test" finished-at="2025-02-23T18:19:22 IST" duration-ms="18503">
      <class name="demo.tests">
        <test-method is-config="true" signature="TriggerConfiguration()[pri:0, instance:demo.tests@229f66ed]" started-at="2025-02-23T18:19:04 IST" name="TriggerConfiguration" finished-at="2025-02-23T18:19:14 IST" duration-ms="10779" status="PASS">
          <reporter-output>
          </reporter-output>
        </test-method> <!-- TriggerConfiguration -->
        <test-method signature="fs()[pri:0, instance:demo.tests@229f66ed]" started-at="2025-02-23T18:19:14 IST" name="fs" finished-at="2025-02-23T18:19:21 IST" duration-ms="6945" status="PASS">
          <reporter-output>
          </reporter-output>
        </test-method> <!-- fs -->
        <test-method is-config="true" signature="KillConfiguration()[pri:0, instance:demo.tests@229f66ed]" started-at="2025-02-23T18:19:21 IST" name="KillConfiguration" finished-at="2025-02-23T18:19:22 IST" duration-ms="740" status="PASS">
          <reporter-output>
          </reporter-output>
        </test-method> <!-- KillConfiguration -->
      </class> <!-- demo.tests -->
    </test> <!-- Default test -->
  </suite> <!-- Default suite -->
</testng-results>
